[ 2016-09-27T00:22:48+08:00 ] 127.0.0.1 /User/Login/test
INFO: [ app_init ] --START--
INFO: Run Behavior\BuildLiteBehavior [ RunTime:0.000019s ]
INFO: [ app_init ] --END-- [ RunTime:0.000245s ]
INFO: [ app_begin ] --START--
INFO: Run Behavior\ReadHtmlCacheBehavior [ RunTime:0.000266s ]
INFO: [ app_begin ] --END-- [ RunTime:0.000337s ]
INFO: [ app_end ] --START--
INFO: Run Behavior\ShowPageTraceBehavior [ RunTime:0.000285s ]
INFO: [ app_end ] --END-- [ RunTime:0.000353s ]

[ 2016-09-27T00:23:10+08:00 ] 127.0.0.1 /User/Login/test
INFO: [ app_init ] --START--
INFO: Run Behavior\BuildLiteBehavior [ RunTime:0.000017s ]
INFO: [ app_init ] --END-- [ RunTime:0.000236s ]
INFO: [ app_begin ] --START--
INFO: Run Behavior\ReadHtmlCacheBehavior [ RunTime:0.000250s ]
INFO: [ app_begin ] --END-- [ RunTime:0.000314s ]
INFO: [ app_end ] --START--
INFO: Run Behavior\ShowPageTraceBehavior [ RunTime:0.000262s ]
INFO: [ app_end ] --END-- [ RunTime:0.000330s ]

[ 2016-09-27T09:02:11+08:00 ] 127.0.0.1 /
INFO: [ app_init ] --START--
INFO: Run Behavior\BuildLiteBehavior [ RunTime:0.000016s ]
INFO: [ app_init ] --END-- [ RunTime:0.000484s ]
INFO: [ app_begin ] --START--
INFO: Run Behavior\ReadHtmlCacheBehavior [ RunTime:0.000444s ]
INFO: [ app_begin ] --END-- [ RunTime:0.000511s ]
INFO: [ view_parse ] --START--
INFO: Run Behavior\ParseTemplateBehavior [ RunTime:0.000495s ]
INFO: [ view_parse ] --END-- [ RunTime:0.000570s ]
INFO: [ view_filter ] --START--
INFO: Run Behavior\WriteHtmlCacheBehavior [ RunTime:0.000302s ]
INFO: [ view_filter ] --END-- [ RunTime:0.000363s ]
INFO: [ app_end ] --START--
INFO: Run Behavior\ShowPageTraceBehavior [ RunTime:0.000465s ]
INFO: [ app_end ] --END-- [ RunTime:0.000531s ]

[ 2016-09-27T09:24:47+08:00 ] 127.0.0.1 /User/User/model
INFO: [ app_init ] --START--
INFO: Run Behavior\BuildLiteBehavior [ RunTime:0.000019s ]
INFO: [ app_init ] --END-- [ RunTime:0.000477s ]
INFO: [ app_begin ] --START--
INFO: Run Behavior\ReadHtmlCacheBehavior [ RunTime:0.000492s ]
INFO: [ app_begin ] --END-- [ RunTime:0.000565s ]
ERR: 无法加载数据库驱动: Think\Db\Driver\

[ 2016-09-27T09:25:08+08:00 ] 127.0.0.1 /User/User/model
INFO: [ app_init ] --START--
INFO: Run Behavior\BuildLiteBehavior [ RunTime:0.000016s ]
INFO: [ app_init ] --END-- [ RunTime:0.000227s ]
INFO: [ app_begin ] --START--
INFO: Run Behavior\ReadHtmlCacheBehavior [ RunTime:0.000245s ]
INFO: [ app_begin ] --END-- [ RunTime:0.000308s ]
INFO: [ app_end ] --START--
INFO: Run Behavior\ShowPageTraceBehavior [ RunTime:0.002684s ]
INFO: [ app_end ] --END-- [ RunTime:0.002811s ]

[ 2016-09-27T09:25:31+08:00 ] 127.0.0.1 /User/User/model
INFO: [ app_init ] --START--
INFO: Run Behavior\BuildLiteBehavior [ RunTime:0.000016s ]
INFO: [ app_init ] --END-- [ RunTime:0.000226s ]
INFO: [ app_begin ] --START--
INFO: Run Behavior\ReadHtmlCacheBehavior [ RunTime:0.000238s ]
INFO: [ app_begin ] --END-- [ RunTime:0.000300s ]
ERR: 无法加载数据库驱动: Think\Db\Driver\

[ 2016-09-27T09:28:45+08:00 ] 127.0.0.1 /User/User/model
INFO: [ app_init ] --START--
INFO: Run Behavior\BuildLiteBehavior [ RunTime:0.000014s ]
INFO: [ app_init ] --END-- [ RunTime:0.000264s ]
INFO: [ app_begin ] --START--
INFO: Run Behavior\ReadHtmlCacheBehavior [ RunTime:0.000288s ]
INFO: [ app_begin ] --END-- [ RunTime:0.000362s ]
ERR: 无法加载数据库驱动: Think\Db\Driver\

[ 2016-09-27T09:28:46+08:00 ] 127.0.0.1 /User/User/model
INFO: [ app_init ] --START--
INFO: Run Behavior\BuildLiteBehavior [ RunTime:0.000015s ]
INFO: [ app_init ] --END-- [ RunTime:0.000223s ]
INFO: [ app_begin ] --START--
INFO: Run Behavior\ReadHtmlCacheBehavior [ RunTime:0.000241s ]
INFO: [ app_begin ] --END-- [ RunTime:0.000304s ]
ERR: 无法加载数据库驱动: Think\Db\Driver\

[ 2016-09-27T09:39:44+08:00 ] 127.0.0.1 /User/User/model
INFO: [ app_init ] --START--
INFO: Run Behavior\BuildLiteBehavior [ RunTime:0.000024s ]
INFO: [ app_init ] --END-- [ RunTime:0.000343s ]
INFO: [ app_begin ] --START--
INFO: Run Behavior\ReadHtmlCacheBehavior [ RunTime:0.000313s ]
INFO: [ app_begin ] --END-- [ RunTime:0.000396s ]
ERR: 无法加载数据库驱动: Think\Db\Driver\

[ 2016-09-27T09:40:52+08:00 ] 127.0.0.1 /User/User/model
INFO: [ app_init ] --START--
INFO: Run Behavior\BuildLiteBehavior [ RunTime:0.000016s ]
INFO: [ app_init ] --END-- [ RunTime:0.000323s ]
INFO: [ app_begin ] --START--
INFO: Run Behavior\ReadHtmlCacheBehavior [ RunTime:0.000260s ]
INFO: [ app_begin ] --END-- [ RunTime:0.000325s ]
ERR: SQLSTATE[HY000] [1045] Access denied for user 'ROOT'@'localhost' (using password: YES)

[ 2016-09-27T09:41:26+08:00 ] 127.0.0.1 /User/User/model
INFO: [ app_init ] --START--
INFO: Run Behavior\BuildLiteBehavior [ RunTime:0.000015s ]
INFO: [ app_init ] --END-- [ RunTime:0.000217s ]
INFO: [ app_begin ] --START--
INFO: Run Behavior\ReadHtmlCacheBehavior [ RunTime:0.000229s ]
INFO: [ app_begin ] --END-- [ RunTime:0.000295s ]
SQL: SHOW COLUMNS FROM `blog_user` [ RunTime:0.0014s ]
INFO: [ app_end ] --START--
INFO: Run Behavior\ShowPageTraceBehavior [ RunTime:0.000624s ]
INFO: [ app_end ] --END-- [ RunTime:0.000760s ]

[ 2016-09-27T09:43:50+08:00 ] 127.0.0.1 /
INFO: [ app_init ] --START--
INFO: Run Behavior\BuildLiteBehavior [ RunTime:0.000020s ]
INFO: [ app_init ] --END-- [ RunTime:0.000464s ]
INFO: [ app_begin ] --START--
INFO: Run Behavior\ReadHtmlCacheBehavior [ RunTime:0.000453s ]
INFO: [ app_begin ] --END-- [ RunTime:0.000522s ]
INFO: [ view_parse ] --START--
INFO: Run Behavior\ParseTemplateBehavior [ RunTime:0.000333s ]
INFO: [ view_parse ] --END-- [ RunTime:0.000407s ]
INFO: [ view_filter ] --START--
INFO: Run Behavior\WriteHtmlCacheBehavior [ RunTime:0.000277s ]
INFO: [ view_filter ] --END-- [ RunTime:0.000338s ]
INFO: [ app_end ] --START--
INFO: Run Behavior\ShowPageTraceBehavior [ RunTime:0.000475s ]
INFO: [ app_end ] --END-- [ RunTime:0.000540s ]

[ 2016-09-27T10:00:13+08:00 ] 127.0.0.1 /
INFO: [ app_init ] --START--
INFO: Run Behavior\BuildLiteBehavior [ RunTime:0.000015s ]
INFO: [ app_init ] --END-- [ RunTime:0.000269s ]
INFO: [ app_begin ] --START--
INFO: Run Behavior\ReadHtmlCacheBehavior [ RunTime:0.000281s ]
INFO: [ app_begin ] --END-- [ RunTime:0.000347s ]
INFO: [ view_parse ] --START--
INFO: Run Behavior\ParseTemplateBehavior [ RunTime:0.000164s ]
INFO: [ view_parse ] --END-- [ RunTime:0.000244s ]
INFO: [ view_filter ] --START--
INFO: Run Behavior\WriteHtmlCacheBehavior [ RunTime:0.000117s ]
INFO: [ view_filter ] --END-- [ RunTime:0.000180s ]
INFO: [ app_end ] --START--
INFO: Run Behavior\ShowPageTraceBehavior [ RunTime:0.000328s ]
INFO: [ app_end ] --END-- [ RunTime:0.000396s ]

[ 2016-09-27T10:56:26+08:00 ] 127.0.0.1 /User/User/model
INFO: [ app_init ] --START--
INFO: Run Behavior\BuildLiteBehavior [ RunTime:0.000024s ]
INFO: [ app_init ] --END-- [ RunTime:0.000510s ]
INFO: [ app_begin ] --START--
INFO: Run Behavior\ReadHtmlCacheBehavior [ RunTime:0.000511s ]
INFO: [ app_begin ] --END-- [ RunTime:0.000602s ]
SQL: SHOW COLUMNS FROM `blog_user` [ RunTime:0.0009s ]
INFO: [ app_end ] --START--
INFO: Run Behavior\ShowPageTraceBehavior [ RunTime:0.003576s ]
INFO: [ app_end ] --END-- [ RunTime:0.003694s ]

[ 2016-09-27T11:01:23+08:00 ] 127.0.0.1 /User/User/model
INFO: [ app_init ] --START--
INFO: Run Behavior\BuildLiteBehavior [ RunTime:0.000028s ]
INFO: [ app_init ] --END-- [ RunTime:0.000357s ]
INFO: [ app_begin ] --START--
INFO: Run Behavior\ReadHtmlCacheBehavior [ RunTime:0.000455s ]
INFO: [ app_begin ] --END-- [ RunTime:0.000578s ]
ERR: 无法加载数据库驱动: Think\Db\Driver\Pdo

[ 2016-09-27T11:01:51+08:00 ] 127.0.0.1 /User/User/model
INFO: [ app_init ] --START--
INFO: Run Behavior\BuildLiteBehavior [ RunTime:0.000015s ]
INFO: [ app_init ] --END-- [ RunTime:0.000229s ]
INFO: [ app_begin ] --START--
INFO: Run Behavior\ReadHtmlCacheBehavior [ RunTime:0.000245s ]
INFO: [ app_begin ] --END-- [ RunTime:0.000312s ]
ERR: 无法加载数据库驱动: Think\Db\Driver\Pdo

[ 2016-09-27T11:01:53+08:00 ] 127.0.0.1 /User/User/model
INFO: [ app_init ] --START--
INFO: Run Behavior\BuildLiteBehavior [ RunTime:0.000015s ]
INFO: [ app_init ] --END-- [ RunTime:0.000225s ]
INFO: [ app_begin ] --START--
INFO: Run Behavior\ReadHtmlCacheBehavior [ RunTime:0.000242s ]
INFO: [ app_begin ] --END-- [ RunTime:0.000307s ]
ERR: 无法加载数据库驱动: Think\Db\Driver\Pdo

[ 2016-09-27T11:02:44+08:00 ] 127.0.0.1 /User/User/model
INFO: [ app_init ] --START--
INFO: Run Behavior\BuildLiteBehavior [ RunTime:0.000017s ]
INFO: [ app_init ] --END-- [ RunTime:0.000231s ]
INFO: [ app_begin ] --START--
INFO: Run Behavior\ReadHtmlCacheBehavior [ RunTime:0.000240s ]
INFO: [ app_begin ] --END-- [ RunTime:0.000304s ]
ERR: 无法加载数据库驱动: Think\Db\Driver\Pdo

[ 2016-09-27T11:02:45+08:00 ] 127.0.0.1 /User/User/model
INFO: [ app_init ] --START--
INFO: Run Behavior\BuildLiteBehavior [ RunTime:0.000016s ]
INFO: [ app_init ] --END-- [ RunTime:0.000225s ]
INFO: [ app_begin ] --START--
INFO: Run Behavior\ReadHtmlCacheBehavior [ RunTime:0.000242s ]
INFO: [ app_begin ] --END-- [ RunTime:0.000310s ]
ERR: 无法加载数据库驱动: Think\Db\Driver\Pdo

[ 2016-09-27T11:02:47+08:00 ] 127.0.0.1 /User/User/model
INFO: [ app_init ] --START--
INFO: Run Behavior\BuildLiteBehavior [ RunTime:0.000015s ]
INFO: [ app_init ] --END-- [ RunTime:0.000218s ]
INFO: [ app_begin ] --START--
INFO: Run Behavior\ReadHtmlCacheBehavior [ RunTime:0.000237s ]
INFO: [ app_begin ] --END-- [ RunTime:0.000302s ]
ERR: 无法加载数据库驱动: Think\Db\Driver\Pdo

[ 2016-09-27T11:03:01+08:00 ] 127.0.0.1 /User/User/model
INFO: [ app_init ] --START--
INFO: Run Behavior\BuildLiteBehavior [ RunTime:0.000016s ]
INFO: [ app_init ] --END-- [ RunTime:0.000252s ]
INFO: [ app_begin ] --START--
INFO: Run Behavior\ReadHtmlCacheBehavior [ RunTime:0.000236s ]
INFO: [ app_begin ] --END-- [ RunTime:0.000299s ]
ERR: 无法加载数据库驱动: Think\Db\Driver\Pdo

[ 2016-09-27T11:03:37+08:00 ] 127.0.0.1 /User/User/model
INFO: [ app_init ] --START--
INFO: Run Behavior\BuildLiteBehavior [ RunTime:0.000023s ]
INFO: [ app_init ] --END-- [ RunTime:0.000282s ]
INFO: [ app_begin ] --START--
INFO: Run Behavior\ReadHtmlCacheBehavior [ RunTime:0.000281s ]
INFO: [ app_begin ] --END-- [ RunTime:0.000355s ]
ERR: 无法加载数据库驱动: Think\Db\Driver\Pdo

[ 2016-09-27T11:04:24+08:00 ] 127.0.0.1 /User/User/model
INFO: [ app_init ] --START--
INFO: Run Behavior\BuildLiteBehavior [ RunTime:0.000016s ]
INFO: [ app_init ] --END-- [ RunTime:0.000271s ]
INFO: [ app_begin ] --START--
INFO: Run Behavior\ReadHtmlCacheBehavior [ RunTime:0.000262s ]
INFO: [ app_begin ] --END-- [ RunTime:0.000328s ]
ERR: 无法加载数据库驱动: Think\Db\Driver\Pdo

[ 2016-09-27T11:05:38+08:00 ] 127.0.0.1 /User/User/model
INFO: [ app_init ] --START--
INFO: Run Behavior\BuildLiteBehavior [ RunTime:0.000015s ]
INFO: [ app_init ] --END-- [ RunTime:0.000221s ]
INFO: [ app_begin ] --START--
INFO: Run Behavior\ReadHtmlCacheBehavior [ RunTime:0.000248s ]
INFO: [ app_begin ] --END-- [ RunTime:0.000330s ]
SQL: SHOW COLUMNS FROM `blog_user` [ RunTime:0.0035s ]
INFO: [ app_end ] --START--
INFO: Run Behavior\ShowPageTraceBehavior [ RunTime:0.000503s ]
INFO: [ app_end ] --END-- [ RunTime:0.000605s ]

[ 2016-09-27T11:06:18+08:00 ] 127.0.0.1 /User/User/model
INFO: [ app_init ] --START--
INFO: Run Behavior\BuildLiteBehavior [ RunTime:0.000017s ]
INFO: [ app_init ] --END-- [ RunTime:0.000231s ]
INFO: [ app_begin ] --START--
INFO: Run Behavior\ReadHtmlCacheBehavior [ RunTime:0.000238s ]
INFO: [ app_begin ] --END-- [ RunTime:0.000302s ]
SQL: SHOW COLUMNS FROM `blog_user` [ RunTime:0.0005s ]
SQL: SELECT * FROM `blog_user`  [ RunTime:0.0004s ]
INFO: [ app_end ] --START--
INFO: Run Behavior\ShowPageTraceBehavior [ RunTime:0.000421s ]
INFO: [ app_end ] --END-- [ RunTime:0.000505s ]

[ 2016-09-27T11:07:57+08:00 ] 127.0.0.1 /User/User/model
ERR: 1146:Table 'blog_thinkphp3.2.3.blog_usefr' doesn't exist
 [ SQL语句 ] : SHOW COLUMNS FROM `blog_usefr`

[ 2016-09-27T11:08:26+08:00 ] 127.0.0.1 /User/User/model
ERR: 1146:Table 'blog_thinkphp3.2.3.fauser' doesn't exist
 [ SQL语句 ] : SHOW COLUMNS FROM `fauser`

[ 2016-09-27T11:08:37+08:00 ] 127.0.0.1 /User/User/model
INFO: [ app_init ] --START--
INFO: Run Behavior\BuildLiteBehavior [ RunTime:0.000016s ]
INFO: [ app_init ] --END-- [ RunTime:0.000222s ]
INFO: [ app_begin ] --START--
INFO: Run Behavior\ReadHtmlCacheBehavior [ RunTime:0.000235s ]
INFO: [ app_begin ] --END-- [ RunTime:0.000297s ]
ERR: 1146:Table 'blog_thinkphp3.2.3.fauser' doesn't exist
 [ SQL语句 ] : SHOW COLUMNS FROM `fauser`
ERR: 1146:Table 'blog_thinkphp3.2.3.fauser' doesn't exist
 [ SQL语句 ] : SHOW COLUMNS FROM `fauser`

[ 2016-09-27T11:08:38+08:00 ] 127.0.0.1 /User/User/model
INFO: [ app_init ] --START--
INFO: Run Behavior\BuildLiteBehavior [ RunTime:0.000015s ]
INFO: [ app_init ] --END-- [ RunTime:0.000218s ]
INFO: [ app_begin ] --START--
INFO: Run Behavior\ReadHtmlCacheBehavior [ RunTime:0.000231s ]
INFO: [ app_begin ] --END-- [ RunTime:0.000306s ]
ERR: 1146:Table 'blog_thinkphp3.2.3.fauser' doesn't exist
 [ SQL语句 ] : SHOW COLUMNS FROM `fauser`
ERR: 1146:Table 'blog_thinkphp3.2.3.fauser' doesn't exist
 [ SQL语句 ] : SHOW COLUMNS FROM `fauser`

[ 2016-09-27T11:08:47+08:00 ] 127.0.0.1 /User/User/model
INFO: [ app_init ] --START--
INFO: Run Behavior\BuildLiteBehavior [ RunTime:0.000015s ]
INFO: [ app_init ] --END-- [ RunTime:0.000215s ]
INFO: [ app_begin ] --START--
INFO: Run Behavior\ReadHtmlCacheBehavior [ RunTime:0.000231s ]
INFO: [ app_begin ] --END-- [ RunTime:0.000294s ]
ERR: 1146:Table 'blog_thinkphp3.2.3.fauser' doesn't exist
 [ SQL语句 ] : SHOW COLUMNS FROM `fauser`
ERR: 1146:Table 'blog_thinkphp3.2.3.fauser' doesn't exist
 [ SQL语句 ] : SHOW COLUMNS FROM `fauser`

[ 2016-09-27T11:10:23+08:00 ] 127.0.0.1 /User/User/model
ERR: 1146:Table 'blog_thinkphp3.2.3.tp_user' doesn't exist
 [ SQL语句 ] : SHOW COLUMNS FROM `tp_user`

[ 2016-09-27T14:10:07+08:00 ] 127.0.0.1 /User/User/model
ERR: 1064:You have an error in your SQL syntax; check the manual that corresponds to your MySQL server version for the right syntax to use near ')' at line 1
 [ SQL语句 ] : SELECT * FROM `blog_user` WHERE `id` = 1 AND (  ) 

[ 2016-09-27T17:23:15+08:00 ] 127.0.0.1 /User/User/model
ERR: Think\Model:UserModel_ID1方法不存在！

[ 2016-09-27T17:25:58+08:00 ] 127.0.0.1 /User/User/model
ERR: Think\Model:UserModel_ID_1方法不存在！

[ 2016-09-27T20:35:57+08:00 ] 127.0.0.1 /
ERR: 非法操作:test

[ 2016-09-27T20:36:47+08:00 ] 127.0.0.1 /User/Register/registerByWeb
ERR: 无法加载控制器:Register

[ 2016-09-27T23:54:38+08:00 ] 127.0.0.1 /User/Register/registerByWeb
ERR: 1406:Data too long for column 'sex' at row 1
 [ SQL语句 ] : INSERT INTO `blog_user` (`name`,`password`,`email`,`sex`,`userUrl`,`token`,`createTime`,`lastModifyTime`,`lastLoginTime`) VALUES ('testName','testPassword','testName@email.com','0','http://localhost:9090/User/testName/','token20160927235438','2016-09-27 23:54:38','2016-09-27 23:54:38','2016-09-27 23:54:38')

[ 2016-09-27T23:57:02+08:00 ] 127.0.0.1 /User/Register/registerByWeb
ERR: 1406:Data too long for column 'sex' at row 1
 [ SQL语句 ] : INSERT INTO `blog_user` (`name`,`password`,`email`,`sex`,`userUrl`,`token`,`createTime`,`lastModifyTime`,`lastLoginTime`) VALUES ('testName','testPassword','testName@email.com','0','http://localhost:9090/User/testName/','token20160927235702','2016-09-27 23:57:02','2016-09-27 23:57:02','2016-09-27 23:57:02')

